<?xml version="1.0" encoding="UTF-8"?>
<coverage generated="1738237097845" clover="3.2.0">
  <project timestamp="1738237097845" name="All files">
    <metrics statements="260" coveredstatements="228" conditionals="121" coveredconditionals="97" methods="58" coveredmethods="56" elements="439" coveredelements="381" complexity="0" loc="260" ncloc="260" packages="2" files="10" classes="10"/>
    <package name="src">
      <metrics statements="122" coveredstatements="96" conditionals="52" coveredconditionals="37" methods="18" coveredmethods="18"/>
      <file name="App.jsx" path="/Users/jas/CareerFoundry/meet/src/App.jsx">
        <metrics statements="48" coveredstatements="48" conditionals="16" coveredconditionals="15" methods="10" coveredmethods="10"/>
        <line num="14" count="8" type="stmt"/>
        <line num="15" count="266" type="stmt"/>
        <line num="16" count="263" type="stmt"/>
        <line num="17" count="263" type="stmt"/>
        <line num="18" count="263" type="stmt"/>
        <line num="19" count="263" type="stmt"/>
        <line num="20" count="263" type="stmt"/>
        <line num="21" count="263" type="stmt"/>
        <line num="22" count="263" type="stmt"/>
        <line num="23" count="263" type="stmt"/>
        <line num="25" count="263" type="stmt"/>
        <line num="26" count="41" type="cond" truecount="2" falsecount="0"/>
        <line num="27" count="40" type="stmt"/>
        <line num="29" count="1" type="stmt"/>
        <line num="33" count="41" type="stmt"/>
        <line num="34" count="41" type="stmt"/>
        <line num="35" count="41" type="stmt"/>
        <line num="36" count="41" type="stmt"/>
        <line num="37" count="41" type="stmt"/>
        <line num="38" count="41" type="stmt"/>
        <line num="39" count="41" type="stmt"/>
        <line num="40" count="41" type="stmt"/>
        <line num="42" count="41" type="stmt"/>
        <line num="45" count="263" type="stmt"/>
        <line num="47" count="174" type="stmt"/>
        <line num="49" count="174" type="cond" truecount="2" falsecount="0"/>
        <line num="50" count="99" type="stmt"/>
        <line num="51" count="2739" type="stmt"/>
        <line num="54" count="174" type="stmt"/>
        <line num="59" count="263" type="stmt"/>
        <line num="60" count="125" type="stmt"/>
        <line num="63" count="263" type="stmt"/>
        <line num="64" count="49" type="stmt"/>
        <line num="65" count="49" type="stmt"/>
        <line num="67" count="49" type="stmt"/>
        <line num="68" count="49" type="cond" truecount="1" falsecount="1"/>
        <line num="69" count="49" type="stmt"/>
        <line num="70" count="1352" type="stmt"/>
        <line num="73" count="49" type="stmt"/>
        <line num="76" count="263" type="stmt"/>
        <line num="77" count="4" type="stmt"/>
        <line num="78" count="4" type="stmt"/>
        <line num="80" count="4" type="stmt"/>
        <line num="81" count="4" type="cond" truecount="2" falsecount="0"/>
        <line num="82" count="1" type="stmt"/>
        <line num="83" count="35" type="stmt"/>
        <line num="86" count="4" type="stmt"/>
        <line num="89" count="263" type="stmt"/>
      </file>
      <file name="api.js" path="/Users/jas/CareerFoundry/meet/src/api.js">
        <metrics statements="73" coveredstatements="47" conditionals="36" coveredconditionals="22" methods="8" coveredmethods="8"/>
        <line num="11" count="8" type="stmt"/>
        <line num="12" count="1652" type="stmt"/>
        <line num="13" count="49" type="stmt"/>
        <line num="14" count="49" type="stmt"/>
        <line num="16" count="8" type="stmt"/>
        <line num="17" count="4" type="stmt"/>
        <line num="18" count="4" type="stmt"/>
        <line num="19" count="4" type="stmt"/>
        <line num="22" count="4" type="cond" truecount="2" falsecount="0"/>
        <line num="23" count="1" type="stmt"/>
        <line num="25" count="3" type="stmt"/>
        <line num="26" count="3" type="stmt"/>
        <line num="28" count="3" type="cond" truecount="2" falsecount="0"/>
        <line num="29" count="2" type="stmt"/>
        <line num="30" count="2" type="stmt"/>
        <line num="32" count="1" type="stmt"/>
        <line num="35" count="2" type="stmt"/>
        <line num="36" count="2" type="stmt"/>
        <line num="39" count="8" type="stmt"/>
        <line num="40" count="3" type="stmt"/>
        <line num="43" count="3" type="stmt"/>
        <line num="44" count="3" type="stmt"/>
        <line num="46" count="8" type="stmt"/>
        <line num="48" count="1" type="cond" truecount="3" falsecount="1"/>
        <line num="49" count="0" type="stmt"/>
        <line num="50" count="0" type="stmt"/>
        <line num="52" count="1" type="stmt"/>
        <line num="53" count="1" type="stmt"/>
        <line num="57" count="8" type="stmt"/>
        <line num="58" count="57" type="cond" truecount="2" falsecount="0"/>
        <line num="59" count="2" type="stmt"/>
        <line num="60" count="2" type="stmt"/>
        <line num="61" count="2" type="cond" truecount="2" falsecount="0"/>
        <line num="64" count="55" type="cond" truecount="1" falsecount="1"/>
        <line num="65" count="55" type="stmt"/>
        <line num="67" count="0" type="stmt"/>
        <line num="68" count="0" type="cond" truecount="0" falsecount="2"/>
        <line num="69" count="0" type="stmt"/>
        <line num="72" count="0" type="stmt"/>
        <line num="74" count="0" type="stmt"/>
        <line num="75" count="0" type="stmt"/>
        <line num="77" count="0" type="cond" truecount="0" falsecount="2"/>
        <line num="78" count="0" type="stmt"/>
        <line num="80" count="0" type="cond" truecount="0" falsecount="4"/>
        <line num="81" count="0" type="stmt"/>
        <line num="82" count="0" type="stmt"/>
        <line num="84" count="0" type="stmt"/>
        <line num="87" count="0" type="stmt"/>
        <line num="88" count="0" type="stmt"/>
        <line num="89" count="0" type="cond" truecount="0" falsecount="2"/>
        <line num="90" count="0" type="stmt"/>
        <line num="92" count="0" type="stmt"/>
        <line num="95" count="0" type="stmt"/>
        <line num="97" count="0" type="stmt"/>
        <line num="98" count="0" type="cond" truecount="0" falsecount="2"/>
        <line num="99" count="0" type="stmt"/>
        <line num="100" count="0" type="stmt"/>
        <line num="103" count="0" type="stmt"/>
        <line num="107" count="0" type="stmt"/>
        <line num="110" count="8" type="stmt"/>
        <line num="111" count="3" type="stmt"/>
        <line num="112" count="3" type="cond" truecount="2" falsecount="0"/>
        <line num="114" count="3" type="cond" truecount="4" falsecount="0"/>
        <line num="115" count="2" type="stmt"/>
        <line num="116" count="2" type="stmt"/>
        <line num="117" count="2" type="stmt"/>
        <line num="118" count="2" type="cond" truecount="2" falsecount="0"/>
        <line num="119" count="1" type="stmt"/>
        <line num="122" count="1" type="stmt"/>
        <line num="123" count="1" type="stmt"/>
        <line num="124" count="1" type="stmt"/>
        <line num="126" count="2" type="cond" truecount="2" falsecount="0"/>
        <line num="128" count="1" type="stmt"/>
      </file>
      <file name="mock-data.js" path="/Users/jas/CareerFoundry/meet/src/mock-data.js">
        <metrics statements="1" coveredstatements="1" conditionals="0" coveredconditionals="0" methods="0" coveredmethods="0"/>
        <line num="1" count="9" type="stmt"/>
      </file>
    </package>
    <package name="src.components">
      <metrics statements="138" coveredstatements="132" conditionals="69" coveredconditionals="60" methods="40" coveredmethods="38"/>
      <file name="Alert.jsx" path="/Users/jas/CareerFoundry/meet/src/components/Alert.jsx">
        <metrics statements="12" coveredstatements="12" conditionals="0" coveredconditionals="0" methods="6" coveredmethods="6"/>
        <line num="6" count="5" type="stmt"/>
        <line num="7" count="5" type="stmt"/>
        <line num="10" count="5" type="stmt"/>
        <line num="11" count="27" type="stmt"/>
        <line num="26" count="27" type="stmt"/>
        <line num="36" count="1" type="stmt"/>
        <line num="37" count="1" type="stmt"/>
        <line num="42" count="3" type="stmt"/>
        <line num="43" count="3" type="stmt"/>
        <line num="48" count="1" type="stmt"/>
        <line num="49" count="1" type="stmt"/>
        <line num="53" count="8" type="stmt"/>
      </file>
      <file name="CityEventsChart.jsx" path="/Users/jas/CareerFoundry/meet/src/components/CityEventsChart.jsx">
        <metrics statements="13" coveredstatements="13" conditionals="4" coveredconditionals="3" methods="5" coveredmethods="5"/>
        <line num="13" count="8" type="stmt"/>
        <line num="14" count="377" type="stmt"/>
        <line num="15" count="377" type="stmt"/>
        <line num="16" count="251" type="stmt"/>
        <line num="17" count="251" type="cond" truecount="3" falsecount="1"/>
        <line num="19" count="251" type="stmt"/>
        <line num="20" count="6512" type="stmt"/>
        <line num="21" count="354" type="stmt"/>
        <line num="22" count="354" type="stmt"/>
        <line num="24" count="251" type="stmt"/>
        <line num="26" count="251" type="stmt"/>
        <line num="29" count="377" type="stmt"/>
        <line num="61" count="8" type="stmt"/>
      </file>
      <file name="CitySearch.jsx" path="/Users/jas/CareerFoundry/meet/src/components/CitySearch.jsx">
        <metrics statements="35" coveredstatements="35" conditionals="20" coveredconditionals="19" methods="8" coveredmethods="8"/>
        <line num="4" count="8" type="stmt"/>
        <line num="5" count="348" type="stmt"/>
        <line num="6" count="348" type="stmt"/>
        <line num="7" count="348" type="stmt"/>
        <line num="9" count="348" type="stmt"/>
        <line num="10" count="86" type="cond" truecount="1" falsecount="1"/>
        <line num="14" count="348" type="stmt"/>
        <line num="15" count="96" type="stmt"/>
        <line num="16" count="96" type="stmt"/>
        <line num="17" count="96" type="stmt"/>
        <line num="19" count="96" type="cond" truecount="2" falsecount="0"/>
        <line num="20" count="1" type="stmt"/>
        <line num="22" count="95" type="stmt"/>
        <line num="23" count="190" type="stmt"/>
        <line num="26" count="96" type="cond" truecount="4" falsecount="0"/>
        <line num="27" count="25" type="stmt"/>
        <line num="29" count="96" type="cond" truecount="2" falsecount="0"/>
        <line num="30" count="1" type="stmt"/>
        <line num="33" count="96" type="stmt"/>
        <line num="34" count="96" type="stmt"/>
        <line num="35" count="96" type="stmt"/>
        <line num="36" count="96" type="stmt"/>
        <line num="39" count="348" type="stmt"/>
        <line num="40" count="5" type="stmt"/>
        <line num="41" count="5" type="cond" truecount="2" falsecount="0"/>
        <line num="42" count="5" type="stmt"/>
        <line num="43" count="5" type="cond" truecount="2" falsecount="0"/>
        <line num="44" count="5" type="stmt"/>
        <line num="47" count="348" type="stmt"/>
        <line num="48" count="86" type="cond" truecount="4" falsecount="0"/>
        <line num="49" count="49" type="stmt"/>
        <line num="53" count="348" type="stmt"/>
        <line num="68" count="17" type="stmt"/>
        <line num="75" count="146" type="stmt"/>
        <line num="95" count="8" type="stmt"/>
      </file>
      <file name="Event.jsx" path="/Users/jas/CareerFoundry/meet/src/components/Event.jsx">
        <metrics statements="9" coveredstatements="9" conditionals="16" coveredconditionals="16" methods="2" coveredmethods="2"/>
        <line num="4" count="9" type="stmt"/>
        <line num="5" count="3452" type="stmt"/>
        <line num="7" count="3452" type="cond" truecount="2" falsecount="0"/>
        <line num="8" count="1" type="stmt"/>
        <line num="12" count="3451" type="cond" truecount="4" falsecount="0"/>
        <line num="16" count="3451" type="cond" truecount="4" falsecount="0"/>
        <line num="20" count="3451" type="stmt"/>
        <line num="34" count="5" type="stmt"/>
        <line num="42" count="9" type="stmt"/>
      </file>
      <file name="EventGenresChart.jsx" path="/Users/jas/CareerFoundry/meet/src/components/EventGenresChart.jsx">
        <metrics statements="37" coveredstatements="31" conditionals="12" coveredconditionals="8" methods="13" coveredmethods="11"/>
        <line num="5" count="8" type="stmt"/>
        <line num="6" count="341" type="stmt"/>
        <line num="7" count="341" type="stmt"/>
        <line num="8" count="341" type="stmt"/>
        <line num="10" count="341" type="stmt"/>
        <line num="11" count="155" type="stmt"/>
        <line num="12" count="155" type="stmt"/>
        <line num="13" count="3256" type="stmt"/>
        <line num="14" count="3256" type="stmt"/>
        <line num="15" count="16280" type="cond" truecount="2" falsecount="0"/>
        <line num="16" count="3256" type="stmt"/>
        <line num="20" count="155" type="stmt"/>
        <line num="21" count="151" type="stmt"/>
        <line num="22" count="151" type="cond" truecount="2" falsecount="0"/>
        <line num="23" count="42" type="stmt"/>
        <line num="25" count="109" type="stmt"/>
        <line num="29" count="341" type="stmt"/>
        <line num="30" count="143" type="stmt"/>
        <line num="31" count="3377" type="stmt"/>
        <line num="32" count="213" type="stmt"/>
        <line num="37" count="143" type="stmt"/>
        <line num="40" count="341" type="stmt"/>
        <line num="41" count="251" type="cond" truecount="2" falsecount="0"/>
        <line num="42" count="155" type="stmt"/>
        <line num="46" count="341" type="stmt"/>
        <line num="47" count="252" type="cond" truecount="2" falsecount="0"/>
        <line num="48" count="143" type="stmt"/>
        <line num="52" count="341" type="stmt"/>
        <line num="53" count="0" type="stmt"/>
        <line num="54" count="0" type="stmt"/>
        <line num="55" count="0" type="stmt"/>
        <line num="56" count="0" type="stmt"/>
        <line num="57" count="0" type="cond" truecount="0" falsecount="2"/>
        <line num="70" count="341" type="stmt"/>
        <line num="85" count="293" type="stmt"/>
        <line num="98" count="0" type="stmt"/>
        <line num="106" count="8" type="stmt"/>
      </file>
      <file name="EventList.jsx" path="/Users/jas/CareerFoundry/meet/src/components/EventList.jsx">
        <metrics statements="4" coveredstatements="4" conditionals="0" coveredconditionals="0" methods="2" coveredmethods="2"/>
        <line num="4" count="8" type="stmt"/>
        <line num="5" count="258" type="stmt"/>
        <line num="9" count="3429" type="stmt"/>
        <line num="20" count="8" type="stmt"/>
      </file>
      <file name="NumberOfEvents.jsx" path="/Users/jas/CareerFoundry/meet/src/components/NumberOfEvents.jsx">
        <metrics statements="28" coveredstatements="28" conditionals="17" coveredconditionals="14" methods="4" coveredmethods="4"/>
        <line num="4" count="9" type="stmt"/>
        <line num="5" count="289" type="cond" truecount="1" falsecount="1"/>
        <line num="7" count="289" type="stmt"/>
        <line num="8" count="49" type="cond" truecount="1" falsecount="1"/>
        <line num="9" count="49" type="stmt"/>
        <line num="13" count="289" type="stmt"/>
        <line num="14" count="44" type="stmt"/>
        <line num="15" count="44" type="cond" truecount="2" falsecount="0"/>
        <line num="16" count="10" type="stmt"/>
        <line num="17" count="10" type="stmt"/>
        <line num="18" count="10" type="stmt"/>
        <line num="21" count="34" type="cond" truecount="2" falsecount="0"/>
        <line num="22" count="13" type="stmt"/>
        <line num="23" count="13" type="stmt"/>
        <line num="24" count="13" type="cond" truecount="1" falsecount="1"/>
        <line num="25" count="13" type="stmt"/>
        <line num="28" count="21" type="stmt"/>
        <line num="32" count="289" type="stmt"/>
        <line num="33" count="10" type="cond" truecount="5" falsecount="0"/>
        <line num="34" count="2" type="stmt"/>
        <line num="35" count="2" type="stmt"/>
        <line num="38" count="8" type="stmt"/>
        <line num="39" count="8" type="cond" truecount="2" falsecount="0"/>
        <line num="40" count="1" type="stmt"/>
        <line num="41" count="1" type="stmt"/>
        <line num="44" count="7" type="stmt"/>
        <line num="47" count="289" type="stmt"/>
        <line num="75" count="9" type="stmt"/>
      </file>
    </package>
  </project>
</coverage>
