<?xml version="1.0" encoding="UTF-8"?>
<coverage generated="1737303522747" clover="3.2.0">
  <project timestamp="1737303522747" name="All files">
    <metrics statements="107" coveredstatements="107" conditionals="44" coveredconditionals="42" methods="30" coveredmethods="30" elements="181" coveredelements="179" complexity="0" loc="107" ncloc="107" packages="2" files="7" classes="7"/>
    <package name="src">
      <metrics statements="49" coveredstatements="49" conditionals="8" coveredconditionals="7" methods="14" coveredmethods="14"/>
      <file name="App.jsx" path="/Users/jas/CareerFoundry/meet/src/App.jsx">
        <metrics statements="42" coveredstatements="42" conditionals="8" coveredconditionals="7" methods="10" coveredmethods="10"/>
        <line num="8" count="1" type="stmt"/>
        <line num="9" count="125" type="stmt"/>
        <line num="10" count="124" type="stmt"/>
        <line num="11" count="124" type="stmt"/>
        <line num="12" count="124" type="stmt"/>
        <line num="13" count="124" type="stmt"/>
        <line num="14" count="124" type="stmt"/>
        <line num="16" count="124" type="stmt"/>
        <line num="17" count="24" type="stmt"/>
        <line num="18" count="24" type="stmt"/>
        <line num="19" count="24" type="stmt"/>
        <line num="20" count="24" type="stmt"/>
        <line num="21" count="24" type="stmt"/>
        <line num="22" count="24" type="stmt"/>
        <line num="23" count="24" type="stmt"/>
        <line num="24" count="24" type="stmt"/>
        <line num="26" count="24" type="stmt"/>
        <line num="29" count="124" type="stmt"/>
        <line num="31" count="79" type="stmt"/>
        <line num="33" count="79" type="cond" truecount="2" falsecount="0"/>
        <line num="34" count="37" type="stmt"/>
        <line num="35" count="1295" type="stmt"/>
        <line num="38" count="79" type="stmt"/>
        <line num="43" count="124" type="stmt"/>
        <line num="44" count="61" type="stmt"/>
        <line num="47" count="124" type="stmt"/>
        <line num="48" count="18" type="stmt"/>
        <line num="49" count="18" type="stmt"/>
        <line num="51" count="18" type="stmt"/>
        <line num="52" count="18" type="cond" truecount="1" falsecount="1"/>
        <line num="53" count="18" type="stmt"/>
        <line num="54" count="630" type="stmt"/>
        <line num="57" count="18" type="stmt"/>
        <line num="60" count="124" type="stmt"/>
        <line num="61" count="3" type="stmt"/>
        <line num="62" count="3" type="stmt"/>
        <line num="64" count="3" type="stmt"/>
        <line num="65" count="3" type="cond" truecount="2" falsecount="0"/>
        <line num="66" count="1" type="stmt"/>
        <line num="67" count="35" type="stmt"/>
        <line num="70" count="3" type="stmt"/>
        <line num="73" count="124" type="stmt"/>
      </file>
      <file name="api.js" path="/Users/jas/CareerFoundry/meet/src/api.js">
        <metrics statements="6" coveredstatements="6" conditionals="0" coveredconditionals="0" methods="4" coveredmethods="4"/>
        <line num="11" count="3" type="stmt"/>
        <line num="12" count="1155" type="stmt"/>
        <line num="13" count="33" type="stmt"/>
        <line num="14" count="33" type="stmt"/>
        <line num="21" count="3" type="stmt"/>
        <line num="22" count="36" type="stmt"/>
      </file>
      <file name="mock-data.js" path="/Users/jas/CareerFoundry/meet/src/mock-data.js">
        <metrics statements="1" coveredstatements="1" conditionals="0" coveredconditionals="0" methods="0" coveredmethods="0"/>
        <line num="3" count="4" type="stmt"/>
      </file>
    </package>
    <package name="src.components">
      <metrics statements="58" coveredstatements="58" conditionals="36" coveredconditionals="35" methods="16" coveredmethods="16"/>
      <file name="CitySearch.jsx" path="/Users/jas/CareerFoundry/meet/src/components/CitySearch.jsx">
        <metrics statements="33" coveredstatements="33" conditionals="14" coveredconditionals="13" methods="8" coveredmethods="8"/>
        <line num="4" count="2" type="stmt"/>
        <line num="5" count="193" type="stmt"/>
        <line num="6" count="193" type="stmt"/>
        <line num="7" count="193" type="stmt"/>
        <line num="9" count="193" type="stmt"/>
        <line num="10" count="52" type="cond" truecount="1" falsecount="1"/>
        <line num="14" count="193" type="stmt"/>
        <line num="15" count="52" type="stmt"/>
        <line num="16" count="52" type="stmt"/>
        <line num="18" count="52" type="cond" truecount="2" falsecount="0"/>
        <line num="19" count="51" type="stmt"/>
        <line num="20" count="102" type="stmt"/>
        <line num="23" count="52" type="cond" truecount="2" falsecount="0"/>
        <line num="24" count="1" type="stmt"/>
        <line num="27" count="52" type="stmt"/>
        <line num="28" count="52" type="stmt"/>
        <line num="29" count="52" type="stmt"/>
        <line num="32" count="193" type="stmt"/>
        <line num="33" count="3" type="stmt"/>
        <line num="35" count="3" type="cond" truecount="2" falsecount="0"/>
        <line num="36" count="1" type="stmt"/>
        <line num="37" count="1" type="stmt"/>
        <line num="38" count="1" type="stmt"/>
        <line num="40" count="2" type="stmt"/>
        <line num="41" count="2" type="stmt"/>
        <line num="42" count="2" type="stmt"/>
        <line num="46" count="193" type="stmt"/>
        <line num="47" count="52" type="cond" truecount="4" falsecount="0"/>
        <line num="48" count="31" type="stmt"/>
        <line num="52" count="193" type="stmt"/>
        <line num="59" count="11" type="stmt"/>
        <line num="65" count="96" type="stmt"/>
        <line num="82" count="2" type="stmt"/>
      </file>
      <file name="Event.jsx" path="/Users/jas/CareerFoundry/meet/src/components/Event.jsx">
        <metrics statements="9" coveredstatements="9" conditionals="16" coveredconditionals="16" methods="2" coveredmethods="2"/>
        <line num="4" count="3" type="stmt"/>
        <line num="5" count="1980" type="stmt"/>
        <line num="7" count="1980" type="cond" truecount="2" falsecount="0"/>
        <line num="8" count="1" type="stmt"/>
        <line num="12" count="1979" type="cond" truecount="4" falsecount="0"/>
        <line num="16" count="1979" type="cond" truecount="4" falsecount="0"/>
        <line num="20" count="1979" type="stmt"/>
        <line num="28" count="3" type="stmt"/>
        <line num="36" count="3" type="stmt"/>
      </file>
      <file name="EventList.jsx" path="/Users/jas/CareerFoundry/meet/src/components/EventList.jsx">
        <metrics statements="4" coveredstatements="4" conditionals="0" coveredconditionals="0" methods="2" coveredmethods="2"/>
        <line num="4" count="2" type="stmt"/>
        <line num="5" count="127" type="stmt"/>
        <line num="8" count="1961" type="stmt"/>
        <line num="18" count="2" type="stmt"/>
      </file>
      <file name="NumberOfEvents.jsx" path="/Users/jas/CareerFoundry/meet/src/components/NumberOfEvents.jsx">
        <metrics statements="12" coveredstatements="12" conditionals="6" coveredconditionals="6" methods="4" coveredmethods="4"/>
        <line num="4" count="2" type="stmt"/>
        <line num="5" count="140" type="cond" truecount="2" falsecount="0"/>
        <line num="7" count="140" type="stmt"/>
        <line num="8" count="29" type="cond" truecount="2" falsecount="0"/>
        <line num="9" count="28" type="stmt"/>
        <line num="13" count="140" type="stmt"/>
        <line num="14" count="10" type="cond" truecount="2" falsecount="0"/>
        <line num="15" count="10" type="stmt"/>
        <line num="18" count="140" type="stmt"/>
        <line num="19" count="4" type="stmt"/>
        <line num="22" count="140" type="stmt"/>
        <line num="37" count="2" type="stmt"/>
      </file>
    </package>
  </project>
</coverage>
