{"/Users/jas/CareerFoundry/meet/src/App.jsx": {"path":"/Users/jas/CareerFoundry/meet/src/App.jsx","statementMap":{"0":{"start":{"line":8,"column":12},"end":{"line":87,"column":1}},"1":{"start":{"line":9,"column":29},"end":{"line":9,"column":41}},"2":{"start":{"line":10,"column":35},"end":{"line":10,"column":47}},"3":{"start":{"line":11,"column":45},"end":{"line":11,"column":57}},"4":{"start":{"line":12,"column":37},"end":{"line":12,"column":49}},"5":{"start":{"line":13,"column":31},"end":{"line":13,"column":45}},"6":{"start":{"line":14,"column":39},"end":{"line":14,"column":51}},"7":{"start":{"line":16,"column":1},"end":{"line":27,"column":18}},"8":{"start":{"line":17,"column":20},"end":{"line":25,"column":3}},"9":{"start":{"line":18,"column":3},"end":{"line":18,"column":20}},"10":{"start":{"line":19,"column":21},"end":{"line":19,"column":38}},"11":{"start":{"line":20,"column":3},"end":{"line":20,"column":24}},"12":{"start":{"line":21,"column":24},"end":{"line":21,"column":51}},"13":{"start":{"line":22,"column":3},"end":{"line":22,"column":30}},"14":{"start":{"line":23,"column":3},"end":{"line":23,"column":21}},"15":{"start":{"line":24,"column":3},"end":{"line":24,"column":53}},"16":{"start":{"line":26,"column":2},"end":{"line":26,"column":14}},"17":{"start":{"line":29,"column":22},"end":{"line":41,"column":2}},"18":{"start":{"line":31,"column":18},"end":{"line":31,"column":24}},"19":{"start":{"line":33,"column":3},"end":{"line":37,"column":4}},"20":{"start":{"line":34,"column":4},"end":{"line":36,"column":6}},"21":{"start":{"line":35,"column":5},"end":{"line":35,"column":62}},"22":{"start":{"line":38,"column":3},"end":{"line":38,"column":47}},"23":{"start":{"line":43,"column":1},"end":{"line":45,"column":53}},"24":{"start":{"line":44,"column":2},"end":{"line":44,"column":40}},"25":{"start":{"line":47,"column":26},"end":{"line":58,"column":2}},"26":{"start":{"line":48,"column":2},"end":{"line":48,"column":23}},"27":{"start":{"line":49,"column":2},"end":{"line":49,"column":33}},"28":{"start":{"line":51,"column":17},"end":{"line":51,"column":23}},"29":{"start":{"line":52,"column":2},"end":{"line":56,"column":3}},"30":{"start":{"line":53,"column":3},"end":{"line":55,"column":5}},"31":{"start":{"line":54,"column":4},"end":{"line":54,"column":61}},"32":{"start":{"line":57,"column":2},"end":{"line":57,"column":51}},"33":{"start":{"line":60,"column":36},"end":{"line":71,"column":2}},"34":{"start":{"line":61,"column":14},"end":{"line":61,"column":34}},"35":{"start":{"line":62,"column":2},"end":{"line":62,"column":21}},"36":{"start":{"line":64,"column":17},"end":{"line":64,"column":23}},"37":{"start":{"line":65,"column":2},"end":{"line":69,"column":3}},"38":{"start":{"line":66,"column":3},"end":{"line":68,"column":5}},"39":{"start":{"line":67,"column":4},"end":{"line":67,"column":68}},"40":{"start":{"line":70,"column":2},"end":{"line":70,"column":44}},"41":{"start":{"line":73,"column":1},"end":{"line":86,"column":3}}},"fnMap":{"0":{"name":"(anonymous_0)","decl":{"start":{"line":8,"column":12},"end":{"line":8,"column":13}},"loc":{"start":{"line":8,"column":18},"end":{"line":87,"column":1}},"line":8},"1":{"name":"(anonymous_1)","decl":{"start":{"line":16,"column":11},"end":{"line":16,"column":12}},"loc":{"start":{"line":16,"column":17},"end":{"line":27,"column":2}},"line":16},"2":{"name":"(anonymous_2)","decl":{"start":{"line":17,"column":20},"end":{"line":17,"column":21}},"loc":{"start":{"line":17,"column":32},"end":{"line":25,"column":3}},"line":17},"3":{"name":"(anonymous_3)","decl":{"start":{"line":30,"column":2},"end":{"line":30,"column":3}},"loc":{"start":{"line":30,"column":19},"end":{"line":39,"column":3}},"line":30},"4":{"name":"(anonymous_4)","decl":{"start":{"line":34,"column":29},"end":{"line":34,"column":30}},"loc":{"start":{"line":35,"column":5},"end":{"line":35,"column":62}},"line":35},"5":{"name":"(anonymous_5)","decl":{"start":{"line":43,"column":11},"end":{"line":43,"column":12}},"loc":{"start":{"line":43,"column":17},"end":{"line":45,"column":2}},"line":43},"6":{"name":"(anonymous_6)","decl":{"start":{"line":47,"column":26},"end":{"line":47,"column":27}},"loc":{"start":{"line":47,"column":36},"end":{"line":58,"column":2}},"line":47},"7":{"name":"(anonymous_7)","decl":{"start":{"line":53,"column":28},"end":{"line":53,"column":29}},"loc":{"start":{"line":54,"column":4},"end":{"line":54,"column":61}},"line":54},"8":{"name":"(anonymous_8)","decl":{"start":{"line":60,"column":36},"end":{"line":60,"column":37}},"loc":{"start":{"line":60,"column":48},"end":{"line":71,"column":2}},"line":60},"9":{"name":"(anonymous_9)","decl":{"start":{"line":66,"column":28},"end":{"line":66,"column":29}},"loc":{"start":{"line":67,"column":4},"end":{"line":67,"column":68}},"line":67}},"branchMap":{"0":{"loc":{"start":{"line":33,"column":3},"end":{"line":37,"column":4}},"type":"if","locations":[{"start":{"line":33,"column":3},"end":{"line":37,"column":4}},{"start":{},"end":{}}],"line":33},"1":{"loc":{"start":{"line":52,"column":2},"end":{"line":56,"column":3}},"type":"if","locations":[{"start":{"line":52,"column":2},"end":{"line":56,"column":3}},{"start":{},"end":{}}],"line":52},"2":{"loc":{"start":{"line":65,"column":2},"end":{"line":69,"column":3}},"type":"if","locations":[{"start":{"line":65,"column":2},"end":{"line":69,"column":3}},{"start":{},"end":{}}],"line":65},"3":{"loc":{"start":{"line":75,"column":4},"end":{"line":75,"column":52}},"type":"binary-expr","locations":[{"start":{"line":75,"column":4},"end":{"line":75,"column":11}},{"start":{"line":75,"column":15},"end":{"line":75,"column":52}}],"line":75}},"s":{"0":1,"1":125,"2":124,"3":124,"4":124,"5":124,"6":124,"7":124,"8":24,"9":24,"10":24,"11":24,"12":24,"13":24,"14":24,"15":24,"16":24,"17":124,"18":79,"19":79,"20":37,"21":1295,"22":79,"23":124,"24":61,"25":124,"26":18,"27":18,"28":18,"29":18,"30":18,"31":630,"32":18,"33":124,"34":3,"35":3,"36":3,"37":3,"38":1,"39":35,"40":3,"41":124},"f":{"0":125,"1":24,"2":24,"3":79,"4":1295,"5":61,"6":18,"7":630,"8":3,"9":35},"b":{"0":[37,42],"1":[18,0],"2":[1,2],"3":[124,45]},"_coverageSchema":"1a1c01bbd47fc00a2c39e90264f33305004495a9","hash":"353ebd81062624b965f082e15356a6811b483b80"}
,"/Users/jas/CareerFoundry/meet/src/api.js": {"path":"/Users/jas/CareerFoundry/meet/src/api.js","statementMap":{"0":{"start":{"line":11,"column":32},"end":{"line":15,"column":1}},"1":{"start":{"line":12,"column":28},"end":{"line":12,"column":96}},"2":{"start":{"line":12,"column":50},"end":{"line":12,"column":64}},"3":{"start":{"line":12,"column":87},"end":{"line":12,"column":95}},"4":{"start":{"line":13,"column":19},"end":{"line":13,"column":51}},"5":{"start":{"line":14,"column":1},"end":{"line":14,"column":18}},"6":{"start":{"line":21,"column":25},"end":{"line":23,"column":1}},"7":{"start":{"line":22,"column":1},"end":{"line":22,"column":17}}},"fnMap":{"0":{"name":"(anonymous_0)","decl":{"start":{"line":11,"column":32},"end":{"line":11,"column":33}},"loc":{"start":{"line":11,"column":44},"end":{"line":15,"column":1}},"line":11},"1":{"name":"(anonymous_1)","decl":{"start":{"line":12,"column":39},"end":{"line":12,"column":40}},"loc":{"start":{"line":12,"column":50},"end":{"line":12,"column":64}},"line":12},"2":{"name":"(anonymous_2)","decl":{"start":{"line":12,"column":73},"end":{"line":12,"column":74}},"loc":{"start":{"line":12,"column":87},"end":{"line":12,"column":95}},"line":12},"3":{"name":"(anonymous_3)","decl":{"start":{"line":21,"column":25},"end":{"line":21,"column":26}},"loc":{"start":{"line":21,"column":37},"end":{"line":23,"column":1}},"line":21}},"branchMap":{},"s":{"0":3,"1":33,"2":1155,"3":1155,"4":33,"5":33,"6":3,"7":36},"f":{"0":33,"1":1155,"2":1155,"3":36},"b":{},"_coverageSchema":"1a1c01bbd47fc00a2c39e90264f33305004495a9","hash":"e15db9072bb512a91352984f192f03e08a061e63"}
,"/Users/jas/CareerFoundry/meet/src/mock-data.js": {"path":"/Users/jas/CareerFoundry/meet/src/mock-data.js","statementMap":{"0":{"start":{"line":3,"column":17},"end":{"line":1439,"column":1}}},"fnMap":{},"branchMap":{},"s":{"0":4},"f":{},"b":{},"_coverageSchema":"1a1c01bbd47fc00a2c39e90264f33305004495a9","hash":"4e2b07f3849b7a0da770702657fe36383b64794e"}
,"/Users/jas/CareerFoundry/meet/src/components/CitySearch.jsx": {"path":"/Users/jas/CareerFoundry/meet/src/components/CitySearch.jsx","statementMap":{"0":{"start":{"line":4,"column":19},"end":{"line":80,"column":1}},"1":{"start":{"line":5,"column":47},"end":{"line":5,"column":62}},"2":{"start":{"line":6,"column":27},"end":{"line":6,"column":39}},"3":{"start":{"line":7,"column":39},"end":{"line":7,"column":51}},"4":{"start":{"line":9,"column":19},"end":{"line":12,"column":2}},"5":{"start":{"line":10,"column":9},"end":{"line":10,"column":56}},"6":{"start":{"line":14,"column":28},"end":{"line":30,"column":2}},"7":{"start":{"line":15,"column":16},"end":{"line":15,"column":34}},"8":{"start":{"line":16,"column":26},"end":{"line":16,"column":28}},"9":{"start":{"line":18,"column":2},"end":{"line":22,"column":3}},"10":{"start":{"line":19,"column":3},"end":{"line":21,"column":5}},"11":{"start":{"line":20,"column":4},"end":{"line":20,"column":56}},"12":{"start":{"line":23,"column":2},"end":{"line":25,"column":3}},"13":{"start":{"line":24,"column":3},"end":{"line":24,"column":26}},"14":{"start":{"line":27,"column":2},"end":{"line":27,"column":18}},"15":{"start":{"line":28,"column":2},"end":{"line":28,"column":36}},"16":{"start":{"line":29,"column":2},"end":{"line":29,"column":22}},"17":{"start":{"line":32,"column":27},"end":{"line":44,"column":2}},"18":{"start":{"line":33,"column":16},"end":{"line":33,"column":40}},"19":{"start":{"line":35,"column":2},"end":{"line":43,"column":3}},"20":{"start":{"line":36,"column":3},"end":{"line":36,"column":16}},"21":{"start":{"line":37,"column":3},"end":{"line":37,"column":29}},"22":{"start":{"line":38,"column":3},"end":{"line":38,"column":20}},"23":{"start":{"line":40,"column":3},"end":{"line":40,"column":19}},"24":{"start":{"line":41,"column":3},"end":{"line":41,"column":29}},"25":{"start":{"line":42,"column":3},"end":{"line":42,"column":23}},"26":{"start":{"line":46,"column":1},"end":{"line":50,"column":17}},"27":{"start":{"line":47,"column":2},"end":{"line":49,"column":3}},"28":{"start":{"line":48,"column":3},"end":{"line":48,"column":29}},"29":{"start":{"line":52,"column":1},"end":{"line":79,"column":3}},"30":{"start":{"line":59,"column":19},"end":{"line":59,"column":43}},"31":{"start":{"line":65,"column":6},"end":{"line":69,"column":11}},"32":{"start":{"line":82,"column":0},"end":{"line":85,"column":2}}},"fnMap":{"0":{"name":"(anonymous_0)","decl":{"start":{"line":4,"column":19},"end":{"line":4,"column":20}},"loc":{"start":{"line":4,"column":55},"end":{"line":80,"column":1}},"line":4},"1":{"name":"(anonymous_1)","decl":{"start":{"line":10,"column":2},"end":{"line":10,"column":3}},"loc":{"start":{"line":10,"column":9},"end":{"line":10,"column":56}},"line":10},"2":{"name":"(anonymous_2)","decl":{"start":{"line":14,"column":28},"end":{"line":14,"column":29}},"loc":{"start":{"line":14,"column":39},"end":{"line":30,"column":2}},"line":14},"3":{"name":"(anonymous_3)","decl":{"start":{"line":19,"column":43},"end":{"line":19,"column":44}},"loc":{"start":{"line":20,"column":4},"end":{"line":20,"column":56}},"line":20},"4":{"name":"(anonymous_4)","decl":{"start":{"line":32,"column":27},"end":{"line":32,"column":28}},"loc":{"start":{"line":32,"column":38},"end":{"line":44,"column":2}},"line":32},"5":{"name":"(anonymous_5)","decl":{"start":{"line":46,"column":11},"end":{"line":46,"column":12}},"loc":{"start":{"line":46,"column":17},"end":{"line":50,"column":2}},"line":46},"6":{"name":"(anonymous_6)","decl":{"start":{"line":59,"column":13},"end":{"line":59,"column":14}},"loc":{"start":{"line":59,"column":19},"end":{"line":59,"column":43}},"line":59},"7":{"name":"(anonymous_7)","decl":{"start":{"line":64,"column":22},"end":{"line":64,"column":23}},"loc":{"start":{"line":65,"column":6},"end":{"line":69,"column":11}},"line":65}},"branchMap":{"0":{"loc":{"start":{"line":10,"column":9},"end":{"line":10,"column":56}},"type":"cond-expr","locations":[{"start":{"line":10,"column":39},"end":{"line":10,"column":51}},{"start":{"line":10,"column":54},"end":{"line":10,"column":56}}],"line":10},"1":{"loc":{"start":{"line":18,"column":2},"end":{"line":22,"column":3}},"type":"if","locations":[{"start":{"line":18,"column":2},"end":{"line":22,"column":3}},{"start":{},"end":{}}],"line":18},"2":{"loc":{"start":{"line":23,"column":2},"end":{"line":25,"column":3}},"type":"if","locations":[{"start":{"line":23,"column":2},"end":{"line":25,"column":3}},{"start":{},"end":{}}],"line":23},"3":{"loc":{"start":{"line":35,"column":2},"end":{"line":43,"column":3}},"type":"if","locations":[{"start":{"line":35,"column":2},"end":{"line":43,"column":3}},{"start":{"line":39,"column":9},"end":{"line":43,"column":3}}],"line":35},"4":{"loc":{"start":{"line":47,"column":2},"end":{"line":49,"column":3}},"type":"if","locations":[{"start":{"line":47,"column":2},"end":{"line":49,"column":3}},{"start":{},"end":{}}],"line":47},"5":{"loc":{"start":{"line":47,"column":6},"end":{"line":47,"column":39}},"type":"binary-expr","locations":[{"start":{"line":47,"column":6},"end":{"line":47,"column":15}},{"start":{"line":47,"column":19},"end":{"line":47,"column":39}}],"line":47},"6":{"loc":{"start":{"line":62,"column":4},"end":{"line":77,"column":4}},"type":"binary-expr","locations":[{"start":{"line":62,"column":4},"end":{"line":62,"column":19}},{"start":{"line":63,"column":4},"end":{"line":76,"column":9}}],"line":62}},"s":{"0":2,"1":193,"2":193,"3":193,"4":193,"5":52,"6":193,"7":52,"8":52,"9":52,"10":51,"11":102,"12":52,"13":1,"14":52,"15":52,"16":52,"17":193,"18":3,"19":3,"20":1,"21":1,"22":1,"23":2,"24":2,"25":2,"26":193,"27":52,"28":31,"29":193,"30":11,"31":96,"32":2},"f":{"0":193,"1":52,"2":52,"3":102,"4":3,"5":52,"6":11,"7":96},"b":{"0":[52,0],"1":[51,1],"2":[1,51],"3":[1,2],"4":[31,21],"5":[52,52],"6":[193,85]},"_coverageSchema":"1a1c01bbd47fc00a2c39e90264f33305004495a9","hash":"4b1a54f07e41f4e9cfd301c5431074c6c7fc455e"}
,"/Users/jas/CareerFoundry/meet/src/components/Event.jsx": {"path":"/Users/jas/CareerFoundry/meet/src/components/Event.jsx","statementMap":{"0":{"start":{"line":4,"column":14},"end":{"line":34,"column":1}},"1":{"start":{"line":5,"column":39},"end":{"line":5,"column":54}},"2":{"start":{"line":7,"column":1},"end":{"line":9,"column":2}},"3":{"start":{"line":8,"column":2},"end":{"line":8,"column":40}},"4":{"start":{"line":12,"column":2},"end":{"line":14,"column":31}},"5":{"start":{"line":16,"column":2},"end":{"line":18,"column":29}},"6":{"start":{"line":20,"column":1},"end":{"line":33,"column":3}},"7":{"start":{"line":28,"column":19},"end":{"line":28,"column":47}},"8":{"start":{"line":36,"column":0},"end":{"line":48,"column":2}}},"fnMap":{"0":{"name":"(anonymous_0)","decl":{"start":{"line":4,"column":14},"end":{"line":4,"column":15}},"loc":{"start":{"line":4,"column":29},"end":{"line":34,"column":1}},"line":4},"1":{"name":"(anonymous_1)","decl":{"start":{"line":28,"column":13},"end":{"line":28,"column":14}},"loc":{"start":{"line":28,"column":19},"end":{"line":28,"column":47}},"line":28}},"branchMap":{"0":{"loc":{"start":{"line":7,"column":1},"end":{"line":9,"column":2}},"type":"if","locations":[{"start":{"line":7,"column":1},"end":{"line":9,"column":2}},{"start":{},"end":{}}],"line":7},"1":{"loc":{"start":{"line":12,"column":2},"end":{"line":14,"column":31}},"type":"cond-expr","locations":[{"start":{"line":13,"column":5},"end":{"line":13,"column":52}},{"start":{"line":14,"column":5},"end":{"line":14,"column":31}}],"line":12},"2":{"loc":{"start":{"line":12,"column":2},"end":{"line":12,"column":37}},"type":"binary-expr","locations":[{"start":{"line":12,"column":2},"end":{"line":12,"column":13}},{"start":{"line":12,"column":17},"end":{"line":12,"column":37}}],"line":12},"3":{"loc":{"start":{"line":16,"column":2},"end":{"line":18,"column":29}},"type":"cond-expr","locations":[{"start":{"line":17,"column":5},"end":{"line":17,"column":50}},{"start":{"line":18,"column":5},"end":{"line":18,"column":29}}],"line":16},"4":{"loc":{"start":{"line":16,"column":2},"end":{"line":16,"column":33}},"type":"binary-expr","locations":[{"start":{"line":16,"column":2},"end":{"line":16,"column":11}},{"start":{"line":16,"column":15},"end":{"line":16,"column":33}}],"line":16},"5":{"loc":{"start":{"line":23,"column":17},"end":{"line":23,"column":57}},"type":"binary-expr","locations":[{"start":{"line":23,"column":17},"end":{"line":23,"column":31}},{"start":{"line":23,"column":35},"end":{"line":23,"column":57}}],"line":23},"6":{"loc":{"start":{"line":29,"column":5},"end":{"line":29,"column":44}},"type":"cond-expr","locations":[{"start":{"line":29,"column":19},"end":{"line":29,"column":30}},{"start":{"line":29,"column":33},"end":{"line":29,"column":44}}],"line":29},"7":{"loc":{"start":{"line":31,"column":4},"end":{"line":31,"column":70}},"type":"binary-expr","locations":[{"start":{"line":31,"column":4},"end":{"line":31,"column":15}},{"start":{"line":31,"column":19},"end":{"line":31,"column":70}}],"line":31}},"s":{"0":3,"1":1980,"2":1980,"3":1,"4":1979,"5":1979,"6":1979,"7":3,"8":3},"f":{"0":1980,"1":3},"b":{"0":[1,1979],"1":[1978,1],"2":[1979,1979],"3":[1978,1],"4":[1979,1979],"5":[1979,1],"6":[2,1977],"7":[1979,2]},"_coverageSchema":"1a1c01bbd47fc00a2c39e90264f33305004495a9","hash":"e1116656376b0b5ff908d54a2930bfd7f794bcd7"}
,"/Users/jas/CareerFoundry/meet/src/components/EventList.jsx": {"path":"/Users/jas/CareerFoundry/meet/src/components/EventList.jsx","statementMap":{"0":{"start":{"line":4,"column":18},"end":{"line":16,"column":1}},"1":{"start":{"line":5,"column":1},"end":{"line":15,"column":3}},"2":{"start":{"line":8,"column":4},"end":{"line":12,"column":9}},"3":{"start":{"line":18,"column":0},"end":{"line":33,"column":2}}},"fnMap":{"0":{"name":"(anonymous_0)","decl":{"start":{"line":4,"column":18},"end":{"line":4,"column":19}},"loc":{"start":{"line":4,"column":34},"end":{"line":16,"column":1}},"line":4},"1":{"name":"(anonymous_1)","decl":{"start":{"line":7,"column":15},"end":{"line":7,"column":16}},"loc":{"start":{"line":8,"column":4},"end":{"line":12,"column":9}},"line":8}},"branchMap":{},"s":{"0":2,"1":127,"2":1961,"3":2},"f":{"0":127,"1":1961},"b":{},"_coverageSchema":"1a1c01bbd47fc00a2c39e90264f33305004495a9","hash":"4cf14aa04302c821d9244fc610141fef17eeb907"}
,"/Users/jas/CareerFoundry/meet/src/components/NumberOfEvents.jsx": {"path":"/Users/jas/CareerFoundry/meet/src/components/NumberOfEvents.jsx","statementMap":{"0":{"start":{"line":4,"column":23},"end":{"line":35,"column":1}},"1":{"start":{"line":5,"column":37},"end":{"line":5,"column":70}},"2":{"start":{"line":7,"column":1},"end":{"line":11,"column":25}},"3":{"start":{"line":8,"column":2},"end":{"line":10,"column":3}},"4":{"start":{"line":9,"column":3},"end":{"line":9,"column":36}},"5":{"start":{"line":13,"column":27},"end":{"line":16,"column":2}},"6":{"start":{"line":14,"column":16},"end":{"line":14,"column":78}},"7":{"start":{"line":15,"column":2},"end":{"line":15,"column":23}},"8":{"start":{"line":18,"column":22},"end":{"line":20,"column":2}},"9":{"start":{"line":19,"column":2},"end":{"line":19,"column":43}},"10":{"start":{"line":22,"column":1},"end":{"line":34,"column":3}},"11":{"start":{"line":37,"column":0},"end":{"line":40,"column":2}}},"fnMap":{"0":{"name":"(anonymous_0)","decl":{"start":{"line":4,"column":23},"end":{"line":4,"column":24}},"loc":{"start":{"line":4,"column":72},"end":{"line":35,"column":1}},"line":4},"1":{"name":"(anonymous_1)","decl":{"start":{"line":7,"column":11},"end":{"line":7,"column":12}},"loc":{"start":{"line":7,"column":17},"end":{"line":11,"column":2}},"line":7},"2":{"name":"(anonymous_2)","decl":{"start":{"line":13,"column":27},"end":{"line":13,"column":28}},"loc":{"start":{"line":13,"column":34},"end":{"line":16,"column":2}},"line":13},"3":{"name":"(anonymous_3)","decl":{"start":{"line":18,"column":22},"end":{"line":18,"column":23}},"loc":{"start":{"line":18,"column":28},"end":{"line":20,"column":2}},"line":18}},"branchMap":{"0":{"loc":{"start":{"line":5,"column":46},"end":{"line":5,"column":69}},"type":"binary-expr","locations":[{"start":{"line":5,"column":46},"end":{"line":5,"column":63}},{"start":{"line":5,"column":67},"end":{"line":5,"column":69}}],"line":5},"1":{"loc":{"start":{"line":8,"column":2},"end":{"line":10,"column":3}},"type":"if","locations":[{"start":{"line":8,"column":2},"end":{"line":10,"column":3}},{"start":{},"end":{}}],"line":8},"2":{"loc":{"start":{"line":14,"column":16},"end":{"line":14,"column":78}},"type":"cond-expr","locations":[{"start":{"line":14,"column":33},"end":{"line":14,"column":74}},{"start":{"line":14,"column":77},"end":{"line":14,"column":78}}],"line":14}},"s":{"0":2,"1":140,"2":140,"3":29,"4":28,"5":140,"6":10,"7":10,"8":140,"9":4,"10":140,"11":2},"f":{"0":140,"1":29,"2":10,"3":4},"b":{"0":[140,4],"1":[28,1],"2":[6,4]},"_coverageSchema":"1a1c01bbd47fc00a2c39e90264f33305004495a9","hash":"4a90273ad736efa953f6e0d326ed8db87ae28dee"}
}
