{"/Users/jas/CareerFoundry/meet/src/App.jsx": {"path":"/Users/jas/CareerFoundry/meet/src/App.jsx","statementMap":{"0":{"start":{"line":8,"column":12},"end":{"line":83,"column":1}},"1":{"start":{"line":9,"column":29},"end":{"line":9,"column":41}},"2":{"start":{"line":10,"column":35},"end":{"line":10,"column":47}},"3":{"start":{"line":11,"column":45},"end":{"line":11,"column":57}},"4":{"start":{"line":12,"column":37},"end":{"line":12,"column":49}},"5":{"start":{"line":13,"column":31},"end":{"line":13,"column":45}},"6":{"start":{"line":14,"column":39},"end":{"line":14,"column":51}},"7":{"start":{"line":16,"column":1},"end":{"line":28,"column":8}},"8":{"start":{"line":17,"column":20},"end":{"line":26,"column":3}},"9":{"start":{"line":18,"column":3},"end":{"line":18,"column":20}},"10":{"start":{"line":19,"column":21},"end":{"line":19,"column":38}},"11":{"start":{"line":20,"column":3},"end":{"line":20,"column":24}},"12":{"start":{"line":22,"column":24},"end":{"line":22,"column":51}},"13":{"start":{"line":23,"column":3},"end":{"line":23,"column":30}},"14":{"start":{"line":24,"column":3},"end":{"line":24,"column":21}},"15":{"start":{"line":25,"column":3},"end":{"line":25,"column":53}},"16":{"start":{"line":27,"column":2},"end":{"line":27,"column":14}},"17":{"start":{"line":30,"column":1},"end":{"line":32,"column":39}},"18":{"start":{"line":31,"column":2},"end":{"line":31,"column":40}},"19":{"start":{"line":34,"column":22},"end":{"line":43,"column":2}},"20":{"start":{"line":35,"column":17},"end":{"line":35,"column":23}},"21":{"start":{"line":37,"column":2},"end":{"line":41,"column":3}},"22":{"start":{"line":38,"column":3},"end":{"line":40,"column":5}},"23":{"start":{"line":39,"column":4},"end":{"line":39,"column":61}},"24":{"start":{"line":42,"column":2},"end":{"line":42,"column":46}},"25":{"start":{"line":44,"column":26},"end":{"line":54,"column":2}},"26":{"start":{"line":45,"column":2},"end":{"line":45,"column":23}},"27":{"start":{"line":47,"column":17},"end":{"line":47,"column":23}},"28":{"start":{"line":48,"column":2},"end":{"line":52,"column":3}},"29":{"start":{"line":49,"column":3},"end":{"line":51,"column":5}},"30":{"start":{"line":50,"column":4},"end":{"line":50,"column":61}},"31":{"start":{"line":53,"column":2},"end":{"line":53,"column":51}},"32":{"start":{"line":56,"column":36},"end":{"line":67,"column":2}},"33":{"start":{"line":57,"column":14},"end":{"line":57,"column":34}},"34":{"start":{"line":58,"column":2},"end":{"line":58,"column":21}},"35":{"start":{"line":60,"column":17},"end":{"line":60,"column":23}},"36":{"start":{"line":61,"column":2},"end":{"line":65,"column":3}},"37":{"start":{"line":62,"column":3},"end":{"line":64,"column":5}},"38":{"start":{"line":63,"column":4},"end":{"line":63,"column":68}},"39":{"start":{"line":66,"column":2},"end":{"line":66,"column":44}},"40":{"start":{"line":69,"column":1},"end":{"line":82,"column":3}}},"fnMap":{"0":{"name":"(anonymous_0)","decl":{"start":{"line":8,"column":12},"end":{"line":8,"column":13}},"loc":{"start":{"line":8,"column":18},"end":{"line":83,"column":1}},"line":8},"1":{"name":"(anonymous_1)","decl":{"start":{"line":16,"column":11},"end":{"line":16,"column":12}},"loc":{"start":{"line":16,"column":17},"end":{"line":28,"column":2}},"line":16},"2":{"name":"(anonymous_2)","decl":{"start":{"line":17,"column":20},"end":{"line":17,"column":21}},"loc":{"start":{"line":17,"column":32},"end":{"line":26,"column":3}},"line":17},"3":{"name":"(anonymous_3)","decl":{"start":{"line":30,"column":11},"end":{"line":30,"column":12}},"loc":{"start":{"line":30,"column":17},"end":{"line":32,"column":2}},"line":30},"4":{"name":"(anonymous_4)","decl":{"start":{"line":34,"column":22},"end":{"line":34,"column":23}},"loc":{"start":{"line":34,"column":39},"end":{"line":43,"column":2}},"line":34},"5":{"name":"(anonymous_5)","decl":{"start":{"line":38,"column":28},"end":{"line":38,"column":29}},"loc":{"start":{"line":39,"column":4},"end":{"line":39,"column":61}},"line":39},"6":{"name":"(anonymous_6)","decl":{"start":{"line":44,"column":26},"end":{"line":44,"column":27}},"loc":{"start":{"line":44,"column":36},"end":{"line":54,"column":2}},"line":44},"7":{"name":"(anonymous_7)","decl":{"start":{"line":49,"column":28},"end":{"line":49,"column":29}},"loc":{"start":{"line":50,"column":4},"end":{"line":50,"column":61}},"line":50},"8":{"name":"(anonymous_8)","decl":{"start":{"line":56,"column":36},"end":{"line":56,"column":37}},"loc":{"start":{"line":56,"column":48},"end":{"line":67,"column":2}},"line":56},"9":{"name":"(anonymous_9)","decl":{"start":{"line":62,"column":28},"end":{"line":62,"column":29}},"loc":{"start":{"line":63,"column":4},"end":{"line":63,"column":68}},"line":63}},"branchMap":{"0":{"loc":{"start":{"line":37,"column":2},"end":{"line":41,"column":3}},"type":"if","locations":[{"start":{"line":37,"column":2},"end":{"line":41,"column":3}},{"start":{},"end":{}}],"line":37},"1":{"loc":{"start":{"line":48,"column":2},"end":{"line":52,"column":3}},"type":"if","locations":[{"start":{"line":48,"column":2},"end":{"line":52,"column":3}},{"start":{},"end":{}}],"line":48},"2":{"loc":{"start":{"line":61,"column":2},"end":{"line":65,"column":3}},"type":"if","locations":[{"start":{"line":61,"column":2},"end":{"line":65,"column":3}},{"start":{},"end":{}}],"line":61},"3":{"loc":{"start":{"line":71,"column":4},"end":{"line":71,"column":52}},"type":"binary-expr","locations":[{"start":{"line":71,"column":4},"end":{"line":71,"column":11}},{"start":{"line":71,"column":15},"end":{"line":71,"column":52}}],"line":71}},"s":{"0":1,"1":122,"2":121,"3":121,"4":121,"5":121,"6":121,"7":121,"8":21,"9":21,"10":21,"11":21,"12":21,"13":21,"14":21,"15":21,"16":21,"17":121,"18":61,"19":121,"20":61,"21":61,"22":19,"23":665,"24":61,"25":121,"26":18,"27":18,"28":18,"29":18,"30":630,"31":18,"32":121,"33":3,"34":3,"35":3,"36":3,"37":1,"38":35,"39":3,"40":121},"f":{"0":122,"1":21,"2":21,"3":61,"4":61,"5":665,"6":18,"7":630,"8":3,"9":35},"b":{"0":[19,42],"1":[18,0],"2":[1,2],"3":[121,42]},"_coverageSchema":"1a1c01bbd47fc00a2c39e90264f33305004495a9","hash":"d6c0095f5189882058ee45da18d873f51ea2499d"}
,"/Users/jas/CareerFoundry/meet/src/api.js": {"path":"/Users/jas/CareerFoundry/meet/src/api.js","statementMap":{"0":{"start":{"line":11,"column":32},"end":{"line":15,"column":1}},"1":{"start":{"line":12,"column":28},"end":{"line":12,"column":96}},"2":{"start":{"line":12,"column":50},"end":{"line":12,"column":64}},"3":{"start":{"line":12,"column":87},"end":{"line":12,"column":95}},"4":{"start":{"line":13,"column":19},"end":{"line":13,"column":51}},"5":{"start":{"line":14,"column":1},"end":{"line":14,"column":18}},"6":{"start":{"line":21,"column":25},"end":{"line":23,"column":1}},"7":{"start":{"line":22,"column":1},"end":{"line":22,"column":17}}},"fnMap":{"0":{"name":"(anonymous_0)","decl":{"start":{"line":11,"column":32},"end":{"line":11,"column":33}},"loc":{"start":{"line":11,"column":44},"end":{"line":15,"column":1}},"line":11},"1":{"name":"(anonymous_1)","decl":{"start":{"line":12,"column":39},"end":{"line":12,"column":40}},"loc":{"start":{"line":12,"column":50},"end":{"line":12,"column":64}},"line":12},"2":{"name":"(anonymous_2)","decl":{"start":{"line":12,"column":73},"end":{"line":12,"column":74}},"loc":{"start":{"line":12,"column":87},"end":{"line":12,"column":95}},"line":12},"3":{"name":"(anonymous_3)","decl":{"start":{"line":21,"column":25},"end":{"line":21,"column":26}},"loc":{"start":{"line":21,"column":37},"end":{"line":23,"column":1}},"line":21}},"branchMap":{},"s":{"0":3,"1":30,"2":1050,"3":1050,"4":30,"5":30,"6":3,"7":33},"f":{"0":30,"1":1050,"2":1050,"3":33},"b":{},"_coverageSchema":"1a1c01bbd47fc00a2c39e90264f33305004495a9","hash":"e15db9072bb512a91352984f192f03e08a061e63"}
,"/Users/jas/CareerFoundry/meet/src/mock-data.js": {"path":"/Users/jas/CareerFoundry/meet/src/mock-data.js","statementMap":{"0":{"start":{"line":3,"column":17},"end":{"line":1439,"column":1}}},"fnMap":{},"branchMap":{},"s":{"0":4},"f":{},"b":{},"_coverageSchema":"1a1c01bbd47fc00a2c39e90264f33305004495a9","hash":"4e2b07f3849b7a0da770702657fe36383b64794e"}
,"/Users/jas/CareerFoundry/meet/src/components/CitySearch.jsx": {"path":"/Users/jas/CareerFoundry/meet/src/components/CitySearch.jsx","statementMap":{"0":{"start":{"line":3,"column":19},"end":{"line":74,"column":1}},"1":{"start":{"line":4,"column":47},"end":{"line":4,"column":62}},"2":{"start":{"line":5,"column":27},"end":{"line":5,"column":39}},"3":{"start":{"line":6,"column":39},"end":{"line":6,"column":51}},"4":{"start":{"line":7,"column":19},"end":{"line":7,"column":66}},"5":{"start":{"line":8,"column":28},"end":{"line":24,"column":2}},"6":{"start":{"line":9,"column":16},"end":{"line":9,"column":34}},"7":{"start":{"line":10,"column":26},"end":{"line":10,"column":28}},"8":{"start":{"line":12,"column":2},"end":{"line":16,"column":3}},"9":{"start":{"line":13,"column":3},"end":{"line":15,"column":5}},"10":{"start":{"line":14,"column":4},"end":{"line":14,"column":56}},"11":{"start":{"line":17,"column":2},"end":{"line":19,"column":3}},"12":{"start":{"line":18,"column":3},"end":{"line":18,"column":26}},"13":{"start":{"line":21,"column":2},"end":{"line":21,"column":18}},"14":{"start":{"line":22,"column":2},"end":{"line":22,"column":36}},"15":{"start":{"line":23,"column":2},"end":{"line":23,"column":22}},"16":{"start":{"line":26,"column":27},"end":{"line":38,"column":2}},"17":{"start":{"line":27,"column":16},"end":{"line":27,"column":40}},"18":{"start":{"line":29,"column":2},"end":{"line":37,"column":3}},"19":{"start":{"line":30,"column":3},"end":{"line":30,"column":16}},"20":{"start":{"line":31,"column":3},"end":{"line":31,"column":29}},"21":{"start":{"line":32,"column":3},"end":{"line":32,"column":20}},"22":{"start":{"line":34,"column":3},"end":{"line":34,"column":19}},"23":{"start":{"line":35,"column":3},"end":{"line":35,"column":29}},"24":{"start":{"line":36,"column":3},"end":{"line":36,"column":23}},"25":{"start":{"line":40,"column":1},"end":{"line":44,"column":17}},"26":{"start":{"line":41,"column":2},"end":{"line":43,"column":3}},"27":{"start":{"line":42,"column":3},"end":{"line":42,"column":29}},"28":{"start":{"line":46,"column":1},"end":{"line":73,"column":3}},"29":{"start":{"line":53,"column":19},"end":{"line":53,"column":43}},"30":{"start":{"line":59,"column":6},"end":{"line":63,"column":11}}},"fnMap":{"0":{"name":"(anonymous_0)","decl":{"start":{"line":3,"column":19},"end":{"line":3,"column":20}},"loc":{"start":{"line":3,"column":55},"end":{"line":74,"column":1}},"line":3},"1":{"name":"(anonymous_1)","decl":{"start":{"line":8,"column":28},"end":{"line":8,"column":29}},"loc":{"start":{"line":8,"column":39},"end":{"line":24,"column":2}},"line":8},"2":{"name":"(anonymous_2)","decl":{"start":{"line":13,"column":43},"end":{"line":13,"column":44}},"loc":{"start":{"line":14,"column":4},"end":{"line":14,"column":56}},"line":14},"3":{"name":"(anonymous_3)","decl":{"start":{"line":26,"column":27},"end":{"line":26,"column":28}},"loc":{"start":{"line":26,"column":38},"end":{"line":38,"column":2}},"line":26},"4":{"name":"(anonymous_4)","decl":{"start":{"line":40,"column":11},"end":{"line":40,"column":12}},"loc":{"start":{"line":40,"column":17},"end":{"line":44,"column":2}},"line":40},"5":{"name":"(anonymous_5)","decl":{"start":{"line":53,"column":13},"end":{"line":53,"column":14}},"loc":{"start":{"line":53,"column":19},"end":{"line":53,"column":43}},"line":53},"6":{"name":"(anonymous_6)","decl":{"start":{"line":58,"column":22},"end":{"line":58,"column":23}},"loc":{"start":{"line":59,"column":6},"end":{"line":63,"column":11}},"line":59}},"branchMap":{"0":{"loc":{"start":{"line":7,"column":19},"end":{"line":7,"column":66}},"type":"cond-expr","locations":[{"start":{"line":7,"column":49},"end":{"line":7,"column":61}},{"start":{"line":7,"column":64},"end":{"line":7,"column":66}}],"line":7},"1":{"loc":{"start":{"line":12,"column":2},"end":{"line":16,"column":3}},"type":"if","locations":[{"start":{"line":12,"column":2},"end":{"line":16,"column":3}},{"start":{},"end":{}}],"line":12},"2":{"loc":{"start":{"line":17,"column":2},"end":{"line":19,"column":3}},"type":"if","locations":[{"start":{"line":17,"column":2},"end":{"line":19,"column":3}},{"start":{},"end":{}}],"line":17},"3":{"loc":{"start":{"line":29,"column":2},"end":{"line":37,"column":3}},"type":"if","locations":[{"start":{"line":29,"column":2},"end":{"line":37,"column":3}},{"start":{"line":33,"column":9},"end":{"line":37,"column":3}}],"line":29},"4":{"loc":{"start":{"line":41,"column":2},"end":{"line":43,"column":3}},"type":"if","locations":[{"start":{"line":41,"column":2},"end":{"line":43,"column":3}},{"start":{},"end":{}}],"line":41},"5":{"loc":{"start":{"line":41,"column":6},"end":{"line":41,"column":39}},"type":"binary-expr","locations":[{"start":{"line":41,"column":6},"end":{"line":41,"column":15}},{"start":{"line":41,"column":19},"end":{"line":41,"column":39}}],"line":41},"6":{"loc":{"start":{"line":56,"column":4},"end":{"line":71,"column":4}},"type":"binary-expr","locations":[{"start":{"line":56,"column":4},"end":{"line":56,"column":19}},{"start":{"line":57,"column":4},"end":{"line":70,"column":9}}],"line":56}},"s":{"0":2,"1":187,"2":187,"3":187,"4":187,"5":187,"6":52,"7":52,"8":52,"9":51,"10":102,"11":52,"12":1,"13":52,"14":52,"15":52,"16":187,"17":3,"18":3,"19":1,"20":1,"21":1,"22":2,"23":2,"24":2,"25":187,"26":49,"27":28,"28":187,"29":11,"30":93},"f":{"0":187,"1":52,"2":102,"3":3,"4":49,"5":11,"6":93},"b":{"0":[187,0],"1":[51,1],"2":[1,51],"3":[1,2],"4":[28,21],"5":[49,49],"6":[187,83]},"_coverageSchema":"1a1c01bbd47fc00a2c39e90264f33305004495a9","hash":"c76eeeb915aa9552cf8b997fddf6932b8ec7b003"}
,"/Users/jas/CareerFoundry/meet/src/components/Event.jsx": {"path":"/Users/jas/CareerFoundry/meet/src/components/Event.jsx","statementMap":{"0":{"start":{"line":3,"column":14},"end":{"line":33,"column":1}},"1":{"start":{"line":4,"column":39},"end":{"line":4,"column":54}},"2":{"start":{"line":6,"column":1},"end":{"line":8,"column":2}},"3":{"start":{"line":7,"column":2},"end":{"line":7,"column":40}},"4":{"start":{"line":11,"column":2},"end":{"line":13,"column":31}},"5":{"start":{"line":15,"column":2},"end":{"line":17,"column":29}},"6":{"start":{"line":19,"column":1},"end":{"line":32,"column":3}},"7":{"start":{"line":27,"column":19},"end":{"line":27,"column":47}}},"fnMap":{"0":{"name":"(anonymous_0)","decl":{"start":{"line":3,"column":14},"end":{"line":3,"column":15}},"loc":{"start":{"line":3,"column":29},"end":{"line":33,"column":1}},"line":3},"1":{"name":"(anonymous_1)","decl":{"start":{"line":27,"column":13},"end":{"line":27,"column":14}},"loc":{"start":{"line":27,"column":19},"end":{"line":27,"column":47}},"line":27}},"branchMap":{"0":{"loc":{"start":{"line":6,"column":1},"end":{"line":8,"column":2}},"type":"if","locations":[{"start":{"line":6,"column":1},"end":{"line":8,"column":2}},{"start":{},"end":{}}],"line":6},"1":{"loc":{"start":{"line":11,"column":2},"end":{"line":13,"column":31}},"type":"cond-expr","locations":[{"start":{"line":12,"column":5},"end":{"line":12,"column":52}},{"start":{"line":13,"column":5},"end":{"line":13,"column":31}}],"line":11},"2":{"loc":{"start":{"line":11,"column":2},"end":{"line":11,"column":37}},"type":"binary-expr","locations":[{"start":{"line":11,"column":2},"end":{"line":11,"column":13}},{"start":{"line":11,"column":17},"end":{"line":11,"column":37}}],"line":11},"3":{"loc":{"start":{"line":15,"column":2},"end":{"line":17,"column":29}},"type":"cond-expr","locations":[{"start":{"line":16,"column":5},"end":{"line":16,"column":50}},{"start":{"line":17,"column":5},"end":{"line":17,"column":29}}],"line":15},"4":{"loc":{"start":{"line":15,"column":2},"end":{"line":15,"column":33}},"type":"binary-expr","locations":[{"start":{"line":15,"column":2},"end":{"line":15,"column":11}},{"start":{"line":15,"column":15},"end":{"line":15,"column":33}}],"line":15},"5":{"loc":{"start":{"line":22,"column":17},"end":{"line":22,"column":57}},"type":"binary-expr","locations":[{"start":{"line":22,"column":17},"end":{"line":22,"column":31}},{"start":{"line":22,"column":35},"end":{"line":22,"column":57}}],"line":22},"6":{"loc":{"start":{"line":28,"column":5},"end":{"line":28,"column":44}},"type":"cond-expr","locations":[{"start":{"line":28,"column":19},"end":{"line":28,"column":30}},{"start":{"line":28,"column":33},"end":{"line":28,"column":44}}],"line":28},"7":{"loc":{"start":{"line":30,"column":4},"end":{"line":30,"column":70}},"type":"binary-expr","locations":[{"start":{"line":30,"column":4},"end":{"line":30,"column":15}},{"start":{"line":30,"column":19},"end":{"line":30,"column":70}}],"line":30}},"s":{"0":3,"1":1960,"2":1960,"3":1,"4":1959,"5":1959,"6":1959,"7":3},"f":{"0":1960,"1":3},"b":{"0":[1,1959],"1":[1958,1],"2":[1959,1959],"3":[1958,1],"4":[1959,1959],"5":[1959,1],"6":[2,1957],"7":[1959,2]},"_coverageSchema":"1a1c01bbd47fc00a2c39e90264f33305004495a9","hash":"39e145298c0d6439a3a55d3793f8682367502aa3"}
,"/Users/jas/CareerFoundry/meet/src/components/EventList.jsx": {"path":"/Users/jas/CareerFoundry/meet/src/components/EventList.jsx","statementMap":{"0":{"start":{"line":4,"column":18},"end":{"line":16,"column":1}},"1":{"start":{"line":5,"column":1},"end":{"line":15,"column":3}},"2":{"start":{"line":8,"column":4},"end":{"line":12,"column":9}}},"fnMap":{"0":{"name":"(anonymous_0)","decl":{"start":{"line":4,"column":18},"end":{"line":4,"column":19}},"loc":{"start":{"line":4,"column":34},"end":{"line":16,"column":1}},"line":4},"1":{"name":"(anonymous_1)","decl":{"start":{"line":7,"column":15},"end":{"line":7,"column":16}},"loc":{"start":{"line":8,"column":4},"end":{"line":12,"column":9}},"line":8}},"branchMap":{},"s":{"0":2,"1":124,"2":1941},"f":{"0":124,"1":1941},"b":{},"_coverageSchema":"1a1c01bbd47fc00a2c39e90264f33305004495a9","hash":"e7c80d1c72a43f0f33fe7edacb3261c72661b3ed"}
,"/Users/jas/CareerFoundry/meet/src/components/NumberOfEvents.jsx": {"path":"/Users/jas/CareerFoundry/meet/src/components/NumberOfEvents.jsx","statementMap":{"0":{"start":{"line":3,"column":23},"end":{"line":34,"column":1}},"1":{"start":{"line":4,"column":37},"end":{"line":4,"column":70}},"2":{"start":{"line":6,"column":1},"end":{"line":10,"column":25}},"3":{"start":{"line":7,"column":2},"end":{"line":9,"column":3}},"4":{"start":{"line":8,"column":3},"end":{"line":8,"column":36}},"5":{"start":{"line":12,"column":27},"end":{"line":15,"column":2}},"6":{"start":{"line":13,"column":16},"end":{"line":13,"column":78}},"7":{"start":{"line":14,"column":2},"end":{"line":14,"column":23}},"8":{"start":{"line":17,"column":22},"end":{"line":19,"column":2}},"9":{"start":{"line":18,"column":2},"end":{"line":18,"column":43}},"10":{"start":{"line":21,"column":1},"end":{"line":33,"column":3}}},"fnMap":{"0":{"name":"(anonymous_0)","decl":{"start":{"line":3,"column":23},"end":{"line":3,"column":24}},"loc":{"start":{"line":3,"column":72},"end":{"line":34,"column":1}},"line":3},"1":{"name":"(anonymous_1)","decl":{"start":{"line":6,"column":11},"end":{"line":6,"column":12}},"loc":{"start":{"line":6,"column":17},"end":{"line":10,"column":2}},"line":6},"2":{"name":"(anonymous_2)","decl":{"start":{"line":12,"column":27},"end":{"line":12,"column":28}},"loc":{"start":{"line":12,"column":34},"end":{"line":15,"column":2}},"line":12},"3":{"name":"(anonymous_3)","decl":{"start":{"line":17,"column":22},"end":{"line":17,"column":23}},"loc":{"start":{"line":17,"column":28},"end":{"line":19,"column":2}},"line":17}},"branchMap":{"0":{"loc":{"start":{"line":4,"column":46},"end":{"line":4,"column":69}},"type":"binary-expr","locations":[{"start":{"line":4,"column":46},"end":{"line":4,"column":63}},{"start":{"line":4,"column":67},"end":{"line":4,"column":69}}],"line":4},"1":{"loc":{"start":{"line":7,"column":2},"end":{"line":9,"column":3}},"type":"if","locations":[{"start":{"line":7,"column":2},"end":{"line":9,"column":3}},{"start":{},"end":{}}],"line":7},"2":{"loc":{"start":{"line":13,"column":16},"end":{"line":13,"column":78}},"type":"cond-expr","locations":[{"start":{"line":13,"column":33},"end":{"line":13,"column":74}},{"start":{"line":13,"column":77},"end":{"line":13,"column":78}}],"line":13}},"s":{"0":2,"1":137,"2":137,"3":29,"4":28,"5":137,"6":10,"7":10,"8":137,"9":4,"10":137},"f":{"0":137,"1":29,"2":10,"3":4},"b":{"0":[137,4],"1":[28,1],"2":[6,4]},"_coverageSchema":"1a1c01bbd47fc00a2c39e90264f33305004495a9","hash":"d4e80cb0cd38d085604bc7ee64db3555031a7c37"}
}
