TN:
SF:src/App.jsx
FN:10,(anonymous_0)
FN:18,(anonymous_1)
FN:19,(anonymous_2)
FN:32,(anonymous_3)
FN:36,(anonymous_4)
FN:45,(anonymous_5)
FN:49,(anonymous_6)
FN:55,(anonymous_7)
FN:62,(anonymous_8)
FN:68,(anonymous_9)
FNF:10
FNH:10
FNDA:158,(anonymous_0)
FNDA:29,(anonymous_1)
FNDA:29,(anonymous_2)
FNDA:102,(anonymous_3)
FNDA:1785,(anonymous_4)
FNDA:77,(anonymous_5)
FNDA:25,(anonymous_6)
FNDA:875,(anonymous_7)
FNDA:4,(anonymous_8)
FNDA:35,(anonymous_9)
DA:10,3
DA:11,158
DA:12,157
DA:13,157
DA:14,157
DA:15,157
DA:16,157
DA:18,157
DA:19,29
DA:20,29
DA:21,29
DA:22,29
DA:23,29
DA:24,29
DA:25,29
DA:26,29
DA:28,29
DA:31,157
DA:33,102
DA:35,102
DA:36,51
DA:37,1785
DA:40,102
DA:45,157
DA:46,77
DA:49,157
DA:50,25
DA:51,25
DA:53,25
DA:54,25
DA:55,25
DA:56,875
DA:59,25
DA:62,157
DA:63,4
DA:64,4
DA:66,4
DA:67,4
DA:68,1
DA:69,35
DA:72,4
DA:75,157
LF:42
LH:42
BRDA:35,0,0,51
BRDA:35,0,1,51
BRDA:54,1,0,25
BRDA:54,1,1,0
BRDA:67,2,0,1
BRDA:67,2,1,3
BRDA:77,3,0,157
BRDA:77,3,1,54
BRF:8
BRH:7
end_of_record
TN:
SF:src/api.js
FN:11,(anonymous_0)
FN:12,(anonymous_1)
FN:12,(anonymous_2)
FN:16,(anonymous_3)
FN:23,(anonymous_4)
FN:33,(anonymous_5)
FN:43,(anonymous_6)
FN:60,(anonymous_7)
FNF:8
FNH:4
FNDA:39,(anonymous_0)
FNDA:1365,(anonymous_1)
FNDA:1365,(anonymous_2)
FNDA:0,(anonymous_3)
FNDA:0,(anonymous_4)
FNDA:0,(anonymous_5)
FNDA:43,(anonymous_6)
FNDA:0,(anonymous_7)
DA:11,3
DA:12,1365
DA:13,39
DA:14,39
DA:16,3
DA:17,0
DA:20,0
DA:21,0
DA:23,3
DA:25,0
DA:26,0
DA:27,0
DA:29,0
DA:30,0
DA:33,3
DA:34,0
DA:35,0
DA:38,0
DA:39,0
DA:41,0
DA:43,3
DA:44,43
DA:45,43
DA:47,0
DA:48,0
DA:49,0
DA:51,0
DA:52,0
DA:53,0
DA:54,0
DA:55,0
DA:56,0
DA:60,3
DA:61,0
DA:62,0
DA:64,0
DA:65,0
DA:66,0
DA:67,0
DA:68,0
DA:69,0
DA:72,0
DA:73,0
DA:74,0
DA:76,0
DA:78,0
LF:46
LH:11
BRDA:25,0,0,0
BRDA:25,0,1,0
BRDA:25,1,0,0
BRDA:25,1,1,0
BRDA:39,2,0,0
BRDA:39,2,1,0
BRDA:44,3,0,43
BRDA:44,3,1,0
BRDA:48,4,0,0
BRDA:48,4,1,0
BRDA:54,5,0,0
BRDA:54,5,1,0
BRDA:62,6,0,0
BRDA:62,6,1,0
BRDA:64,7,0,0
BRDA:64,7,1,0
BRDA:64,8,0,0
BRDA:64,8,1,0
BRDA:68,9,0,0
BRDA:68,9,1,0
BRDA:76,10,0,0
BRDA:76,10,1,0
BRF:22
BRH:1
end_of_record
TN:
SF:src/mock-data.js
FNF:0
FNH:0
DA:1,4
LF:1
LH:1
BRF:0
BRH:0
end_of_record
TN:
SF:src/components/CitySearch.jsx
FN:4,(anonymous_0)
FN:10,(anonymous_1)
FN:14,(anonymous_2)
FN:19,(anonymous_3)
FN:32,(anonymous_4)
FN:39,(anonymous_5)
FN:60,(anonymous_6)
FN:66,(anonymous_7)
FNF:8
FNH:8
FNDA:229,(anonymous_0)
FNDA:61,(anonymous_1)
FNDA:58,(anonymous_2)
FNDA:114,(anonymous_3)
FNDA:4,(anonymous_4)
FNDA:61,(anonymous_5)
FNDA:13,(anonymous_6)
FNDA:112,(anonymous_7)
DA:4,3
DA:5,229
DA:6,229
DA:7,229
DA:9,229
DA:10,61
DA:14,229
DA:15,58
DA:16,58
DA:18,58
DA:19,57
DA:20,114
DA:23,58
DA:24,1
DA:27,58
DA:28,58
DA:29,58
DA:32,229
DA:33,4
DA:34,4
DA:35,4
DA:36,4
DA:39,229
DA:40,61
DA:41,36
DA:45,229
DA:60,13
DA:67,112
DA:87,3
LF:29
LH:29
BRDA:10,0,0,61
BRDA:10,0,1,0
BRDA:18,1,0,57
BRDA:18,1,1,1
BRDA:23,2,0,1
BRDA:23,2,1,57
BRDA:34,3,0,1
BRDA:34,3,1,3
BRDA:36,4,0,1
BRDA:36,4,1,3
BRDA:40,5,0,36
BRDA:40,5,1,25
BRDA:40,6,0,61
BRDA:40,6,1,61
BRDA:64,7,0,229
BRDA:64,7,1,101
BRF:16
BRH:15
end_of_record
TN:
SF:src/components/Event.jsx
FN:4,(anonymous_0)
FN:28,(anonymous_1)
FNF:2
FNH:2
FNDA:2504,(anonymous_0)
FNDA:3,(anonymous_1)
DA:4,4
DA:5,2504
DA:7,2504
DA:8,1
DA:12,2503
DA:16,2503
DA:20,2503
DA:28,3
DA:36,4
LF:9
LH:9
BRDA:7,0,0,1
BRDA:7,0,1,2503
BRDA:12,1,0,2502
BRDA:12,1,1,1
BRDA:12,2,0,2503
BRDA:12,2,1,2503
BRDA:16,3,0,2502
BRDA:16,3,1,1
BRDA:16,4,0,2503
BRDA:16,4,1,2503
BRDA:23,5,0,2503
BRDA:23,5,1,1
BRDA:29,6,0,2
BRDA:29,6,1,2501
BRDA:31,7,0,2503
BRDA:31,7,1,2
BRF:16
BRH:16
end_of_record
TN:
SF:src/components/EventList.jsx
FN:4,(anonymous_0)
FN:8,(anonymous_1)
FNF:2
FNH:2
FNDA:160,(anonymous_0)
FNDA:2485,(anonymous_1)
DA:4,3
DA:5,160
DA:9,2485
DA:20,3
LF:4
LH:4
BRF:0
BRH:0
end_of_record
TN:
SF:src/components/NumberOfEvents.jsx
FN:4,(anonymous_0)
FN:7,(anonymous_1)
FN:13,(anonymous_2)
FN:18,(anonymous_3)
FNF:4
FNH:4
FNDA:176,(anonymous_0)
FNDA:34,(anonymous_1)
FNDA:24,(anonymous_2)
FNDA:5,(anonymous_3)
DA:4,4
DA:5,176
DA:7,176
DA:8,34
DA:9,33
DA:13,176
DA:14,24
DA:15,24
DA:18,176
DA:19,5
DA:22,176
DA:50,4
LF:12
LH:12
BRDA:5,0,0,176
BRDA:5,0,1,4
BRDA:8,1,0,33
BRDA:8,1,1,1
BRDA:14,2,0,18
BRDA:14,2,1,6
BRF:6
BRH:6
end_of_record
