TN:
SF:src/App.jsx
FN:8,(anonymous_0)
FN:16,(anonymous_1)
FN:17,(anonymous_2)
FN:30,(anonymous_3)
FN:34,(anonymous_4)
FN:43,(anonymous_5)
FN:47,(anonymous_6)
FN:53,(anonymous_7)
FN:60,(anonymous_8)
FN:66,(anonymous_9)
FNF:10
FNH:10
FNDA:125,(anonymous_0)
FNDA:24,(anonymous_1)
FNDA:24,(anonymous_2)
FNDA:79,(anonymous_3)
FNDA:1295,(anonymous_4)
FNDA:61,(anonymous_5)
FNDA:18,(anonymous_6)
FNDA:630,(anonymous_7)
FNDA:3,(anonymous_8)
FNDA:35,(anonymous_9)
DA:8,1
DA:9,125
DA:10,124
DA:11,124
DA:12,124
DA:13,124
DA:14,124
DA:16,124
DA:17,24
DA:18,24
DA:19,24
DA:20,24
DA:21,24
DA:22,24
DA:23,24
DA:24,24
DA:26,24
DA:29,124
DA:31,79
DA:33,79
DA:34,37
DA:35,1295
DA:38,79
DA:43,124
DA:44,61
DA:47,124
DA:48,18
DA:49,18
DA:51,18
DA:52,18
DA:53,18
DA:54,630
DA:57,18
DA:60,124
DA:61,3
DA:62,3
DA:64,3
DA:65,3
DA:66,1
DA:67,35
DA:70,3
DA:73,124
LF:42
LH:42
BRDA:33,0,0,37
BRDA:33,0,1,42
BRDA:52,1,0,18
BRDA:52,1,1,0
BRDA:65,2,0,1
BRDA:65,2,1,2
BRDA:75,3,0,124
BRDA:75,3,1,45
BRF:8
BRH:7
end_of_record
TN:
SF:src/api.js
FN:11,(anonymous_0)
FN:12,(anonymous_1)
FN:12,(anonymous_2)
FN:21,(anonymous_3)
FNF:4
FNH:4
FNDA:33,(anonymous_0)
FNDA:1155,(anonymous_1)
FNDA:1155,(anonymous_2)
FNDA:36,(anonymous_3)
DA:11,3
DA:12,1155
DA:13,33
DA:14,33
DA:21,3
DA:22,36
LF:6
LH:6
BRF:0
BRH:0
end_of_record
TN:
SF:src/mock-data.js
FNF:0
FNH:0
DA:3,4
LF:1
LH:1
BRF:0
BRH:0
end_of_record
TN:
SF:src/components/CitySearch.jsx
FN:4,(anonymous_0)
FN:10,(anonymous_1)
FN:14,(anonymous_2)
FN:19,(anonymous_3)
FN:32,(anonymous_4)
FN:46,(anonymous_5)
FN:59,(anonymous_6)
FN:64,(anonymous_7)
FNF:8
FNH:8
FNDA:193,(anonymous_0)
FNDA:52,(anonymous_1)
FNDA:52,(anonymous_2)
FNDA:102,(anonymous_3)
FNDA:3,(anonymous_4)
FNDA:52,(anonymous_5)
FNDA:11,(anonymous_6)
FNDA:96,(anonymous_7)
DA:4,2
DA:5,193
DA:6,193
DA:7,193
DA:9,193
DA:10,52
DA:14,193
DA:15,52
DA:16,52
DA:18,52
DA:19,51
DA:20,102
DA:23,52
DA:24,1
DA:27,52
DA:28,52
DA:29,52
DA:32,193
DA:33,3
DA:35,3
DA:36,1
DA:37,1
DA:38,1
DA:40,2
DA:41,2
DA:42,2
DA:46,193
DA:47,52
DA:48,31
DA:52,193
DA:59,11
DA:65,96
DA:82,2
LF:33
LH:33
BRDA:10,0,0,52
BRDA:10,0,1,0
BRDA:18,1,0,51
BRDA:18,1,1,1
BRDA:23,2,0,1
BRDA:23,2,1,51
BRDA:35,3,0,1
BRDA:35,3,1,2
BRDA:47,4,0,31
BRDA:47,4,1,21
BRDA:47,5,0,52
BRDA:47,5,1,52
BRDA:62,6,0,193
BRDA:62,6,1,85
BRF:14
BRH:13
end_of_record
TN:
SF:src/components/Event.jsx
FN:4,(anonymous_0)
FN:28,(anonymous_1)
FNF:2
FNH:2
FNDA:1980,(anonymous_0)
FNDA:3,(anonymous_1)
DA:4,3
DA:5,1980
DA:7,1980
DA:8,1
DA:12,1979
DA:16,1979
DA:20,1979
DA:28,3
DA:36,3
LF:9
LH:9
BRDA:7,0,0,1
BRDA:7,0,1,1979
BRDA:12,1,0,1978
BRDA:12,1,1,1
BRDA:12,2,0,1979
BRDA:12,2,1,1979
BRDA:16,3,0,1978
BRDA:16,3,1,1
BRDA:16,4,0,1979
BRDA:16,4,1,1979
BRDA:23,5,0,1979
BRDA:23,5,1,1
BRDA:29,6,0,2
BRDA:29,6,1,1977
BRDA:31,7,0,1979
BRDA:31,7,1,2
BRF:16
BRH:16
end_of_record
TN:
SF:src/components/EventList.jsx
FN:4,(anonymous_0)
FN:7,(anonymous_1)
FNF:2
FNH:2
FNDA:127,(anonymous_0)
FNDA:1961,(anonymous_1)
DA:4,2
DA:5,127
DA:8,1961
DA:18,2
LF:4
LH:4
BRF:0
BRH:0
end_of_record
TN:
SF:src/components/NumberOfEvents.jsx
FN:4,(anonymous_0)
FN:7,(anonymous_1)
FN:13,(anonymous_2)
FN:18,(anonymous_3)
FNF:4
FNH:4
FNDA:140,(anonymous_0)
FNDA:29,(anonymous_1)
FNDA:10,(anonymous_2)
FNDA:4,(anonymous_3)
DA:4,2
DA:5,140
DA:7,140
DA:8,29
DA:9,28
DA:13,140
DA:14,10
DA:15,10
DA:18,140
DA:19,4
DA:22,140
DA:37,2
LF:12
LH:12
BRDA:5,0,0,140
BRDA:5,0,1,4
BRDA:8,1,0,28
BRDA:8,1,1,1
BRDA:14,2,0,6
BRDA:14,2,1,4
BRF:6
BRH:6
end_of_record
